2015-01-21 18:57:21.652 SurveyApp[1384:25549] DiskCookieStorage changing policy from 2 to 0, cookie file: file:///Users/student/Library/Developer/CoreSimulator/Devices/9E9AD52A-60E0-4926-B302-51042B992163/data/Containers/Data/Application/1DEFD5E8-335F-4B8B-ADF2-7050DBD9403A/Library/Cookies/Cookies.binarycookies
2015-01-21 18:57:22.388 SurveyApp[1384:25549] Multi-tasking -> Device: YES, App: YES
2015-01-21 18:57:22.548 SurveyApp[1384:25549] Unlimited access to network resources
2015-01-21 18:57:22.553 SurveyApp[1384:25549] 

Started backup to iCloud! Please be careful.
Your application might rejected by Apple if you store too much data.
For more information please read "iOS Data Storage Guidelines"
You could find it at the following address https://developer.apple.com/icloud/documentation/data-storage/ .

2015-01-21 18:57:32.574 SurveyApp[1384:25549] Resetting plugins due to page load.
2015-01-21 18:57:33.789 SurveyApp[1384:25549] Finished load of: file:///Users/student/Library/Developer/CoreSimulator/Devices/9E9AD52A-60E0-4926-B302-51042B992163/data/Containers/Bundle/Application/B0543383-A766-4F96-8C4B-26322B7B0D64/SurveyApp.app/www/index.html
2015-01-21 18:58:00.383 SurveyApp[1456:26093] DiskCookieStorage changing policy from 2 to 0, cookie file: file:///Users/student/Library/Developer/CoreSimulator/Devices/9E9AD52A-60E0-4926-B302-51042B992163/data/Containers/Data/Application/0A5A832F-5784-4506-A79D-B982959F2E7A/Library/Cookies/Cookies.binarycookies
2015-01-21 18:58:00.550 SurveyApp[1456:26093] Multi-tasking -> Device: YES, App: YES
2015-01-21 18:58:00.558 SurveyApp[1456:26093] Unlimited access to network resources
2015-01-21 18:58:00.561 SurveyApp[1456:26093] 

Started backup to iCloud! Please be careful.
Your application might rejected by Apple if you store too much data.
For more information please read "iOS Data Storage Guidelines"
You could find it at the following address https://developer.apple.com/icloud/documentation/data-storage/ .

2015-01-21 18:58:00.895 SurveyApp[1456:26093] Resetting plugins due to page load.
2015-01-21 18:58:00.970 SurveyApp[1456:26093] Finished load of: file:///Users/student/Library/Developer/CoreSimulator/Devices/9E9AD52A-60E0-4926-B302-51042B992163/data/Containers/Bundle/Application/4B882925-060E-4680-86A1-5DCE1533C943/SurveyApp.app/www/index.html
2015-01-21 18:59:43.901 SurveyApp[1654:27180] DiskCookieStorage changing policy from 2 to 0, cookie file: file:///Users/student/Library/Developer/CoreSimulator/Devices/9E9AD52A-60E0-4926-B302-51042B992163/data/Containers/Data/Application/352B2AD0-BDB1-4C5C-BE57-7AE26C043650/Library/Cookies/Cookies.binarycookies
2015-01-21 18:59:44.015 SurveyApp[1654:27180] Multi-tasking -> Device: YES, App: YES
2015-01-21 18:59:44.020 SurveyApp[1654:27180] Unlimited access to network resources
2015-01-21 18:59:44.023 SurveyApp[1654:27180] 

Started backup to iCloud! Please be careful.
Your application might rejected by Apple if you store too much data.
For more information please read "iOS Data Storage Guidelines"
You could find it at the following address https://developer.apple.com/icloud/documentation/data-storage/ .

2015-01-21 18:59:44.500 SurveyApp[1654:27180] Resetting plugins due to page load.
2015-01-21 18:59:44.721 SurveyApp[1654:27180] Finished load of: file:///Users/student/Library/Developer/CoreSimulator/Devices/9E9AD52A-60E0-4926-B302-51042B992163/data/Containers/Bundle/Application/6ADB081F-B767-4968-9AA6-B87C17936F92/SurveyApp.app/www/index.html
2015-01-22 12:16:15.210 SurveyApp[677:7428] DiskCookieStorage changing policy from 2 to 0, cookie file: file:///Users/student/Library/Developer/CoreSimulator/Devices/9E9AD52A-60E0-4926-B302-51042B992163/data/Containers/Data/Application/D7D9221E-1DA7-4D23-A578-05A0A657E554/Library/Cookies/Cookies.binarycookies
2015-01-22 12:16:15.390 SurveyApp[677:7428] Multi-tasking -> Device: YES, App: YES
2015-01-22 12:16:15.400 SurveyApp[677:7428] Unlimited access to network resources
2015-01-22 12:16:15.403 SurveyApp[677:7428] 

Started backup to iCloud! Please be careful.
Your application might rejected by Apple if you store too much data.
For more information please read "iOS Data Storage Guidelines"
You could find it at the following address https://developer.apple.com/icloud/documentation/data-storage/ .

2015-01-22 12:16:18.980 SurveyApp[677:7428] Resetting plugins due to page load.
2015-01-22 12:16:19.669 SurveyApp[677:7428] Finished load of: file:///Users/student/Library/Developer/CoreSimulator/Devices/9E9AD52A-60E0-4926-B302-51042B992163/data/Containers/Bundle/Application/130B3F0F-6215-447C-9C35-754EE0F44ACD/SurveyApp.app/www/index.html
2015-01-22 12:19:27.038 SurveyApp[848:8935] DiskCookieStorage changing policy from 2 to 0, cookie file: file:///Users/student/Library/Developer/CoreSimulator/Devices/9E9AD52A-60E0-4926-B302-51042B992163/data/Containers/Data/Application/87C1A9BD-4844-49BF-93D0-0705DABC99B5/Library/Cookies/Cookies.binarycookies
2015-01-22 12:19:27.161 SurveyApp[848:8935] Multi-tasking -> Device: YES, App: YES
2015-01-22 12:19:27.169 SurveyApp[848:8935] Unlimited access to network resources
2015-01-22 12:19:27.172 SurveyApp[848:8935] 

Started backup to iCloud! Please be careful.
Your application might rejected by Apple if you store too much data.
For more information please read "iOS Data Storage Guidelines"
You could find it at the following address https://developer.apple.com/icloud/documentation/data-storage/ .

2015-01-22 12:19:27.471 SurveyApp[848:8935] Resetting plugins due to page load.
2015-01-22 12:19:27.512 SurveyApp[848:8935] Finished load of: file:///Users/student/Library/Developer/CoreSimulator/Devices/9E9AD52A-60E0-4926-B302-51042B992163/data/Containers/Bundle/Application/86C5BBA7-71B0-4677-B2C0-B3B1163710C2/SurveyApp.app/www/index.html
